<?xml version="1.0" encoding="UTF-8"?>
<testsuites tests="5" failures="0" disabled="0" errors="0" time="0." timestamp="2026-01-06T19:32:09.449" name="AllTests">
  <testsuite name="InterlockingTest" tests="5" failures="0" disabled="0" skipped="0" errors="0" time="0." timestamp="2026-01-06T19:32:09.449">
    <testcase name="ControllerStaleReturnsFaultStop" file="C:/Users/SwathantraPulicherla/workspaces/UnitTestGen/RailwaySignalSystem/tests/test_interlocking.cpp" line="21" status="run" result="completed" time="0." timestamp="2026-01-06T19:32:09.449" classname="InterlockingTest" />
    <testcase name="OwnTrackCircuitFaultReturnsDegradedStop" file="C:/Users/SwathantraPulicherla/workspaces/UnitTestGen/RailwaySignalSystem/tests/test_interlocking.cpp" line="35" status="run" result="completed" time="0." timestamp="2026-01-06T19:32:09.449" classname="InterlockingTest" />
    <testcase name="OwnBlockOccupiedReturnsOkStop" file="C:/Users/SwathantraPulicherla/workspaces/UnitTestGen/RailwaySignalSystem/tests/test_interlocking.cpp" line="49" status="run" result="completed" time="0." timestamp="2026-01-06T19:32:09.450" classname="InterlockingTest" />
    <testcase name="DownstreamBlockOccupiedReturnsOkCaution" file="C:/Users/SwathantraPulicherla/workspaces/UnitTestGen/RailwaySignalSystem/tests/test_interlocking.cpp" line="63" status="run" result="completed" time="0." timestamp="2026-01-06T19:32:09.450" classname="InterlockingTest" />
    <testcase name="AllClearReturnsOkClear" file="C:/Users/SwathantraPulicherla/workspaces/UnitTestGen/RailwaySignalSystem/tests/test_interlocking.cpp" line="77" status="run" result="completed" time="0." timestamp="2026-01-06T19:32:09.450" classname="InterlockingTest" />
  </testsuite>
</testsuites>
